<?xml version="1.0" encoding="UTF-8"?>
<testsuite xmlns:xsi="http://www.w3.org/2001/XMLSchema-instance" xsi:noNamespaceSchemaLocation="https://maven.apache.org/surefire/maven-surefire-plugin/xsd/surefire-test-report-3.0.xsd" version="3.0" name="com.allcitizens.domain.subdivision.SubdivisionTest" time="0.022" tests="8" errors="0" skipped="0" failures="0">
  <properties>
[...]
</properties>
  <testcase name="shouldReconstitute" classname="com.allcitizens.domain.subdivision.SubdivisionTest" time="0.001"/>
  <testcase name="shouldCreateValidSubdivision" classname="com.allcitizens.domain.subdivision.SubdivisionTest" time="0.001"/>
  <testcase name="shouldFailWhenNameIsBlank" classname="com.allcitizens.domain.subdivision.SubdivisionTest" time="0.002"/>
  <testcase name="shouldUpdateSubdivision" classname="com.allcitizens.domain.subdivision.SubdivisionTest" time="0.002"/>
  <testcase name="shouldFailWhenNameIsNull" classname="com.allcitizens.domain.subdivision.SubdivisionTest" time="0.002"/>
  <testcase name="shouldDeactivate" classname="com.allcitizens.domain.subdivision.SubdivisionTest" time="0.002"/>
  <testcase name="shouldFailUpdateWithBlankName" classname="com.allcitizens.domain.subdivision.SubdivisionTest" time="0.002"/>
  <testcase name="shouldActivate" classname="com.allcitizens.domain.subdivision.SubdivisionTest" time="0.001"/>
</testsuite>