<?xml version="1.0" encoding="UTF-8"?>
<testsuite xmlns:xsi="http://www.w3.org/2001/XMLSchema-instance" xsi:noNamespaceSchemaLocation="https://maven.apache.org/surefire/maven-surefire-plugin/xsd/surefire-test-report-3.0.xsd" version="3.0" name="com.allcitizens.application.request.service.ServiceRequestApplicationServiceTest" time="0.112" tests="5" errors="0" skipped="0" failures="0">
  <properties>
[...]
</properties>
  <testcase name="shouldCreateServiceRequest" classname="com.allcitizens.application.request.service.ServiceRequestApplicationServiceTest" time="0.078"/>
  <testcase name="shouldCancelServiceRequest" classname="com.allcitizens.application.request.service.ServiceRequestApplicationServiceTest" time="0.008"/>
  <testcase name="shouldThrowWhenServiceRequestNotFound" classname="com.allcitizens.application.request.service.ServiceRequestApplicationServiceTest" time="0.006"/>
  <testcase name="shouldCloseServiceRequest" classname="com.allcitizens.application.request.service.ServiceRequestApplicationServiceTest" time="0.006"/>
  <testcase name="shouldGetServiceRequest" classname="com.allcitizens.application.request.service.ServiceRequestApplicationServiceTest" time="0.005"/>
</testsuite>