<?xml version="1.0" encoding="UTF-8"?>
<testsuite xmlns:xsi="http://www.w3.org/2001/XMLSchema-instance" xsi:noNamespaceSchemaLocation="https://maven.apache.org/surefire/maven-surefire-plugin/xsd/surefire-test-report-3.0.xsd" version="3.0" name="com.allcitizens.infrastructure.adapter.inbound.rest.person.PersonControllerTest" time="7.782" tests="7" errors="0" skipped="0" failures="0">
  <properties>
[...]
</properties>
  <testcase name="shouldGetPersonById" classname="com.allcitizens.infrastructure.adapter.inbound.rest.person.PersonControllerTest" time="0.406">
    <system-out><![CDATA[09:30:09.109 [main] INFO org.springframework.test.context.support.AnnotationConfigContextLoaderUtils -- Could not detect default configuration classes for test class [com.allcitizens.infrastructure.adapter.inbound.rest.person.PersonControllerTest]: PersonControllerTest does not declare any static, non-private, non-final, nested classes annotated with @Configuration.
09:30:09.491 [main] INFO org.springframework.boot.test.context.SpringBootTestContextBootstrapper -- Found @SpringBootConfiguration com.allcitizens.infrastructure.AllCitizensApplication for test class com.allcitizens.infrastructure.adapter.inbound.rest.person.PersonControllerTest

  .   ____          _            __ _ _
 /\\ / ___'_ __ _ _(_)_ __  __ _ \ \ \ \
( ( )\___ | '_ | '_| | '_ \/ _` | \ \ \ \
 \\/  ___)| |_)| | | | | || (_| |  ) ) ) )
  '  |____| .__|_| |_|_| |_\__, | / / / /
 =========|_|==============|___/=/_/_/_/

 :: Spring Boot ::                (v3.3.5)

2026-04-02T09:30:10.408-03:00  INFO 1313692 --- [all-citizens] [           main] c.a.i.a.i.r.person.PersonControllerTest  : Starting PersonControllerTest using Java 17.0.17 with PID 1313692 (started by sandrocampos in /home/sandrocampos/workspace/Modelos Dados/all-citizens/backend/infrastructure)
2026-04-02T09:30:10.411-03:00 DEBUG 1313692 --- [all-citizens] [           main] c.a.i.a.i.r.person.PersonControllerTest  : Running with Spring Boot v3.3.5, Spring v6.1.14
2026-04-02T09:30:10.412-03:00  INFO 1313692 --- [all-citizens] [           main] c.a.i.a.i.r.person.PersonControllerTest  : No active profile set, falling back to 1 default profile: "default"
2026-04-02T09:30:15.543-03:00  INFO 1313692 --- [all-citizens] [           main] o.s.b.t.m.w.SpringBootMockServletContext : Initializing Spring TestDispatcherServlet ''
2026-04-02T09:30:15.544-03:00  INFO 1313692 --- [all-citizens] [           main] o.s.t.web.servlet.TestDispatcherServlet  : Initializing Servlet ''
2026-04-02T09:30:15.546-03:00  INFO 1313692 --- [all-citizens] [           main] o.s.t.web.servlet.TestDispatcherServlet  : Completed initialization in 2 ms
2026-04-02T09:30:15.600-03:00  INFO 1313692 --- [all-citizens] [           main] c.a.i.a.i.r.person.PersonControllerTest  : Started PersonControllerTest in 5.923 seconds (process running for 8.181)
]]></system-out>
  </testcase>
  <testcase name="shouldReturnBadRequestWhenFullNameIsBlank" classname="com.allcitizens.infrastructure.adapter.inbound.rest.person.PersonControllerTest" time="0.293"/>
  <testcase name="shouldCreatePerson" classname="com.allcitizens.infrastructure.adapter.inbound.rest.person.PersonControllerTest" time="0.022"/>
  <testcase name="shouldListPersonsByTenantId" classname="com.allcitizens.infrastructure.adapter.inbound.rest.person.PersonControllerTest" time="0.035"/>
  <testcase name="shouldUpdatePerson" classname="com.allcitizens.infrastructure.adapter.inbound.rest.person.PersonControllerTest" time="0.024"/>
  <testcase name="shouldDeletePerson" classname="com.allcitizens.infrastructure.adapter.inbound.rest.person.PersonControllerTest" time="0.025"/>
  <testcase name="shouldReturnBadRequestWhenTenantIdMissing" classname="com.allcitizens.infrastructure.adapter.inbound.rest.person.PersonControllerTest" time="0.015"/>
</testsuite>