<?xml version="1.0" encoding="UTF-8"?>
<testsuite xmlns:xsi="http://www.w3.org/2001/XMLSchema-instance" xsi:noNamespaceSchemaLocation="https://maven.apache.org/surefire/maven-surefire-plugin/xsd/surefire-test-report-3.0.xsd" version="3.0" name="com.allcitizens.infrastructure.integration.InfrastructureApiIntegrationTest" time="21.412" tests="2" errors="0" skipped="0" failures="0">
  <properties>
[...]
</properties>
  <testcase name="serviceRequestLifecycle_includesSearchForwardingHistoryAndAttachment" classname="com.allcitizens.infrastructure.integration.InfrastructureApiIntegrationTest" time="1.518">
    <system-out><![CDATA[2026-04-02T09:30:26.337-03:00  INFO 1313692 --- [all-citizens] [           main] t.c.s.AnnotationConfigContextLoaderUtils : Could not detect default configuration classes for test class [com.allcitizens.infrastructure.integration.InfrastructureApiIntegrationTest]: InfrastructureApiIntegrationTest does not declare any static, non-private, non-final, nested classes annotated with @Configuration.
2026-04-02T09:30:26.359-03:00  INFO 1313692 --- [all-citizens] [           main] .b.t.c.SpringBootTestContextBootstrapper : Found @SpringBootConfiguration com.allcitizens.infrastructure.AllCitizensApplication for test class com.allcitizens.infrastructure.integration.InfrastructureApiIntegrationTest
2026-04-02T09:30:26.421-03:00  INFO 1313692 --- [all-citizens] [           main] org.testcontainers.images.PullPolicy     : Image pull policy will be performed by: DefaultPullPolicy()
2026-04-02T09:30:26.429-03:00  INFO 1313692 --- [all-citizens] [           main] o.t.utility.ImageNameSubstitutor         : Image name substitution will be performed by: DefaultImageNameSubstitutor (composite of 'ConfigurationFileImageNameSubstitutor' and 'PrefixingImageNameSubstitutor')
2026-04-02T09:30:26.901-03:00  INFO 1313692 --- [all-citizens] [           main] o.t.d.DockerClientProviderStrategy       : Loaded org.testcontainers.dockerclient.UnixSocketClientProviderStrategy from ~/.testcontainers.properties, will try it first
2026-04-02T09:30:27.445-03:00  INFO 1313692 --- [all-citizens] [           main] o.t.d.DockerClientProviderStrategy       : Found Docker environment with local Unix socket (unix:///var/run/docker.sock)
2026-04-02T09:30:27.449-03:00  INFO 1313692 --- [all-citizens] [           main] org.testcontainers.DockerClientFactory   : Docker host IP address is localhost
2026-04-02T09:30:27.483-03:00  INFO 1313692 --- [all-citizens] [           main] org.testcontainers.DockerClientFactory   : Connected to docker: 
  Server Version: 28.1.1
  API Version: 1.49
  Operating System: Ubuntu 24.04.4 LTS
  Total Memory: 39889 MB
2026-04-02T09:30:27.547-03:00  INFO 1313692 --- [all-citizens] [           main] tc.testcontainers/ryuk:0.7.0             : Creating container for image: testcontainers/ryuk:0.7.0
2026-04-02T09:30:29.621-03:00  INFO 1313692 --- [all-citizens] [           main] tc.testcontainers/ryuk:0.7.0             : Container testcontainers/ryuk:0.7.0 is starting: 842c2eb73f8ea49e3fa01a7226b8a1c7571ead4240b55d47f0834572415b5aca
2026-04-02T09:30:30.048-03:00  INFO 1313692 --- [all-citizens] [           main] tc.testcontainers/ryuk:0.7.0             : Container testcontainers/ryuk:0.7.0 started in PT2.501116457S
2026-04-02T09:30:30.061-03:00  INFO 1313692 --- [all-citizens] [           main] o.t.utility.RyukResourceReaper           : Ryuk started - will monitor and terminate Testcontainers containers on JVM exit
2026-04-02T09:30:30.062-03:00  INFO 1313692 --- [all-citizens] [           main] org.testcontainers.DockerClientFactory   : Checking the system...
2026-04-02T09:30:30.063-03:00  INFO 1313692 --- [all-citizens] [           main] org.testcontainers.DockerClientFactory   : ✔︎ Docker server version should be at least 1.6.0
2026-04-02T09:30:30.064-03:00  INFO 1313692 --- [all-citizens] [           main] tc.postgres:16-alpine                    : Creating container for image: postgres:16-alpine
2026-04-02T09:30:30.137-03:00  INFO 1313692 --- [all-citizens] [           main] tc.postgres:16-alpine                    : Container postgres:16-alpine is starting: 13ad7484ca2871b4da3fd4f4d78c327cedba12f43bf04011fb49f77aeb9417f1
2026-04-02T09:30:32.513-03:00  INFO 1313692 --- [all-citizens] [           main] tc.postgres:16-alpine                    : Container postgres:16-alpine started in PT2.448658364S
2026-04-02T09:30:32.514-03:00  INFO 1313692 --- [all-citizens] [           main] tc.postgres:16-alpine                    : Container is started (JDBC URL: jdbc:postgresql://localhost:32822/test?loggerLevel=OFF)

  .   ____          _            __ _ _
 /\\ / ___'_ __ _ _(_)_ __  __ _ \ \ \ \
( ( )\___ | '_ | '_| | '_ \/ _` | \ \ \ \
 \\/  ___)| |_)| | | | | || (_| |  ) ) ) )
  '  |____| .__|_| |_|_| |_\__, | / / / /
 =========|_|==============|___/=/_/_/_/

 :: Spring Boot ::                (v3.3.5)

2026-04-02T09:30:32.562-03:00  INFO 1313692 --- [all-citizens] [           main] c.a.i.i.InfrastructureApiIntegrationTest : Starting InfrastructureApiIntegrationTest using Java 17.0.17 with PID 1313692 (started by sandrocampos in /home/sandrocampos/workspace/Modelos Dados/all-citizens/backend/infrastructure)
2026-04-02T09:30:32.562-03:00 DEBUG 1313692 --- [all-citizens] [           main] c.a.i.i.InfrastructureApiIntegrationTest : Running with Spring Boot v3.3.5, Spring v6.1.14
2026-04-02T09:30:32.562-03:00  INFO 1313692 --- [all-citizens] [           main] c.a.i.i.InfrastructureApiIntegrationTest : The following 1 profile is active: "dev"
2026-04-02T09:30:33.782-03:00  INFO 1313692 --- [all-citizens] [           main] .s.d.r.c.RepositoryConfigurationDelegate : Bootstrapping Spring Data JPA repositories in DEFAULT mode.
2026-04-02T09:30:33.941-03:00  INFO 1313692 --- [all-citizens] [           main] .s.d.r.c.RepositoryConfigurationDelegate : Finished Spring Data repository scanning in 147 ms. Found 19 JPA repository interfaces.
2026-04-02T09:30:35.166-03:00  INFO 1313692 --- [all-citizens] [           main] o.s.b.w.embedded.tomcat.TomcatWebServer  : Tomcat initialized with port 0 (http)
2026-04-02T09:30:35.187-03:00  INFO 1313692 --- [all-citizens] [           main] o.apache.catalina.core.StandardService   : Starting service [Tomcat]
2026-04-02T09:30:35.188-03:00  INFO 1313692 --- [all-citizens] [           main] o.apache.catalina.core.StandardEngine    : Starting Servlet engine: [Apache Tomcat/10.1.31]
2026-04-02T09:30:35.292-03:00  INFO 1313692 --- [all-citizens] [           main] o.a.c.c.C.[Tomcat].[localhost].[/]       : Initializing Spring embedded WebApplicationContext
2026-04-02T09:30:35.293-03:00  INFO 1313692 --- [all-citizens] [           main] w.s.c.ServletWebServerApplicationContext : Root WebApplicationContext: initialization completed in 2729 ms
2026-04-02T09:30:35.978-03:00  INFO 1313692 --- [all-citizens] [           main] com.zaxxer.hikari.HikariDataSource       : HikariPool-1 - Starting...
2026-04-02T09:30:36.318-03:00  INFO 1313692 --- [all-citizens] [           main] com.zaxxer.hikari.pool.HikariPool        : HikariPool-1 - Added connection org.postgresql.jdbc.PgConnection@109d51e8
2026-04-02T09:30:36.320-03:00  INFO 1313692 --- [all-citizens] [           main] com.zaxxer.hikari.HikariDataSource       : HikariPool-1 - Start completed.
2026-04-02T09:30:36.384-03:00  INFO 1313692 --- [all-citizens] [           main] org.flywaydb.core.FlywayExecutor         : Database: jdbc:postgresql://localhost:32822/test (PostgreSQL 16.13)
2026-04-02T09:30:36.469-03:00  INFO 1313692 --- [all-citizens] [           main] o.f.c.i.s.JdbcTableSchemaHistory         : Schema history table "public"."flyway_schema_history" does not exist yet
2026-04-02T09:30:36.477-03:00  INFO 1313692 --- [all-citizens] [           main] o.f.core.internal.command.DbValidate     : Successfully validated 3 migrations (execution time 00:00.057s)
2026-04-02T09:30:36.506-03:00  INFO 1313692 --- [all-citizens] [           main] o.f.c.i.s.JdbcTableSchemaHistory         : Creating Schema History table "public"."flyway_schema_history" ...
2026-04-02T09:30:36.601-03:00  INFO 1313692 --- [all-citizens] [           main] o.f.core.internal.command.DbMigrate      : Current version of schema "public": << Empty Schema >>
2026-04-02T09:30:36.763-03:00  INFO 1313692 --- [all-citizens] [           main] o.f.core.internal.command.DbMigrate      : Migrating schema "public" to version "1 - initial schema"
2026-04-02T09:30:37.491-03:00  INFO 1313692 --- [all-citizens] [           main] o.f.core.internal.command.DbMigrate      : Migrating schema "public" to version "2 - pg trgm service request search"
2026-04-02T09:30:37.502-03:00  WARN 1313692 --- [all-citizens] [           main] o.f.c.i.s.DefaultSqlScriptExecutor       : DB: extension "pg_trgm" already exists, skipping (SQL State: 42710 - Error Code: 0)
2026-04-02T09:30:37.527-03:00  INFO 1313692 --- [all-citizens] [           main] o.f.core.internal.command.DbMigrate      : Migrating schema "public" to version "3 - audit log"
2026-04-02T09:30:37.569-03:00  INFO 1313692 --- [all-citizens] [           main] o.f.core.internal.command.DbMigrate      : Successfully applied 3 migrations to schema "public", now at version v3 (execution time 00:00.718s)
2026-04-02T09:30:37.799-03:00  INFO 1313692 --- [all-citizens] [           main] o.hibernate.jpa.internal.util.LogHelper  : HHH000204: Processing PersistenceUnitInfo [name: default]
2026-04-02T09:30:37.931-03:00  INFO 1313692 --- [all-citizens] [           main] org.hibernate.Version                    : HHH000412: Hibernate ORM core version 6.5.3.Final
2026-04-02T09:30:38.013-03:00  INFO 1313692 --- [all-citizens] [           main] o.h.c.internal.RegionFactoryInitiator    : HHH000026: Second-level cache disabled
2026-04-02T09:30:38.270-03:00  INFO 1313692 --- [all-citizens] [           main] o.s.o.j.p.SpringPersistenceUnitInfo      : No LoadTimeWeaver setup: ignoring JPA class transformer
2026-04-02T09:30:40.442-03:00  INFO 1313692 --- [all-citizens] [           main] o.h.e.t.j.p.i.JtaPlatformInitiator       : HHH000489: No JTA platform available (set 'hibernate.transaction.jta.platform' to enable JTA platform integration)
2026-04-02T09:30:40.447-03:00  INFO 1313692 --- [all-citizens] [           main] j.LocalContainerEntityManagerFactoryBean : Initialized JPA EntityManagerFactory for persistence unit 'default'
2026-04-02T09:30:40.841-03:00  INFO 1313692 --- [all-citizens] [           main] o.s.d.j.r.query.QueryEnhancerFactory     : Hibernate is in classpath; If applicable, HQL parser will be used.
2026-04-02T09:30:42.000-03:00 DEBUG 1313692 --- [all-citizens] [           main] c.a.i.a.inbound.web.AuditLoggingFilter   : Filter 'auditLoggingFilter' configured for use
2026-04-02T09:30:44.808-03:00  INFO 1313692 --- [all-citizens] [           main] o.s.b.a.e.web.EndpointLinksResolver      : Exposing 1 endpoint beneath base path '/actuator'
2026-04-02T09:30:45.637-03:00  INFO 1313692 --- [all-citizens] [           main] o.s.b.w.embedded.tomcat.TomcatWebServer  : Tomcat started on port 37239 (http) with context path '/'
2026-04-02T09:30:45.665-03:00  INFO 1313692 --- [all-citizens] [           main] c.a.i.i.InfrastructureApiIntegrationTest : Started InfrastructureApiIntegrationTest in 13.146 seconds (process running for 38.247)
2026-04-02T09:30:45.935-03:00  INFO 1313692 --- [all-citizens] [o-auto-1-exec-1] o.a.c.c.C.[Tomcat].[localhost].[/]       : Initializing Spring DispatcherServlet 'dispatcherServlet'
2026-04-02T09:30:45.936-03:00  INFO 1313692 --- [all-citizens] [o-auto-1-exec-1] o.s.web.servlet.DispatcherServlet        : Initializing Servlet 'dispatcherServlet'
2026-04-02T09:30:45.939-03:00  INFO 1313692 --- [all-citizens] [o-auto-1-exec-1] o.s.web.servlet.DispatcherServlet        : Completed initialization in 3 ms
2026-04-02T09:30:46.133-03:00 DEBUG 1313692 --- [all-citizens] [o-auto-1-exec-1] org.hibernate.SQL                        : 
    select
        tje1_0.id 
    from
        tenant tje1_0 
    where
        tje1_0.code=? 
    fetch
        first ? rows only
2026-04-02T09:30:46.182-03:00 DEBUG 1313692 --- [all-citizens] [o-auto-1-exec-1] org.hibernate.SQL                        : 
    select
        tje1_0.id,
        tje1_0.active,
        tje1_0.code,
        tje1_0.config,
        tje1_0.created_at,
        tje1_0.name,
        tje1_0.updated_at 
    from
        tenant tje1_0 
    where
        tje1_0.id=?
2026-04-02T09:30:46.231-03:00 DEBUG 1313692 --- [all-citizens] [o-auto-1-exec-1] org.hibernate.SQL                        : 
    insert 
    into
        tenant
        (active, code, config, created_at, name, updated_at, id) 
    values
        (?, ?, ?, ?, ?, ?, ?)
2026-04-02T09:30:46.260-03:00 DEBUG 1313692 --- [all-citizens] [o-auto-1-exec-1] org.hibernate.SQL                        : 
    select
        alje1_0.id,
        alje1_0.actor_roles,
        alje1_0.actor_subject,
        alje1_0.actor_username,
        alje1_0.client_ip,
        alje1_0.correlation_id,
        alje1_0.http_method,
        alje1_0.occurred_at,
        alje1_0.request_path,
        alje1_0.response_status 
    from
        audit_log alje1_0 
    where
        alje1_0.id=?
2026-04-02T09:30:46.265-03:00 DEBUG 1313692 --- [all-citizens] [o-auto-1-exec-1] org.hibernate.SQL                        : 
    insert 
    into
        audit_log
        (actor_roles, actor_subject, actor_username, client_ip, correlation_id, http_method, occurred_at, request_path, response_status, id) 
    values
        (?, ?, ?, ?, ?, ?, ?, ?, ?, ?)
2026-04-02T09:30:46.413-03:00 DEBUG 1313692 --- [all-citizens] [o-auto-1-exec-2] org.hibernate.SQL                        : 
    select
        dje1_0.id,
        dje1_0.abbreviation,
        dje1_0.active,
        dje1_0.can_respond,
        dje1_0.created_at,
        dje1_0.display_order,
        dje1_0.email,
        dje1_0.icon_url,
        dje1_0.is_root,
        dje1_0.name,
        dje1_0.parent_id,
        dje1_0.tenant_id,
        dje1_0.updated_at 
    from
        department dje1_0 
    where
        dje1_0.id=?
2026-04-02T09:30:46.418-03:00 DEBUG 1313692 --- [all-citizens] [o-auto-1-exec-2] org.hibernate.SQL                        : 
    insert 
    into
        department
        (abbreviation, active, can_respond, created_at, display_order, email, icon_url, is_root, name, parent_id, tenant_id, updated_at, id) 
    values
        (?, ?, ?, ?, ?, ?, ?, ?, ?, ?, ?, ?, ?)
2026-04-02T09:30:46.427-03:00 DEBUG 1313692 --- [all-citizens] [o-auto-1-exec-2] org.hibernate.SQL                        : 
    select
        alje1_0.id,
        alje1_0.actor_roles,
        alje1_0.actor_subject,
        alje1_0.actor_username,
        alje1_0.client_ip,
        alje1_0.correlation_id,
        alje1_0.http_method,
        alje1_0.occurred_at,
        alje1_0.request_path,
        alje1_0.response_status 
    from
        audit_log alje1_0 
    where
        alje1_0.id=?
2026-04-02T09:30:46.430-03:00 DEBUG 1313692 --- [all-citizens] [o-auto-1-exec-2] org.hibernate.SQL                        : 
    insert 
    into
        audit_log
        (actor_roles, actor_subject, actor_username, client_ip, correlation_id, http_method, occurred_at, request_path, response_status, id) 
    values
        (?, ?, ?, ?, ?, ?, ?, ?, ?, ?)
2026-04-02T09:30:46.446-03:00 DEBUG 1313692 --- [all-citizens] [o-auto-1-exec-3] org.hibernate.SQL                        : 
    select
        dje1_0.id,
        dje1_0.abbreviation,
        dje1_0.active,
        dje1_0.can_respond,
        dje1_0.created_at,
        dje1_0.display_order,
        dje1_0.email,
        dje1_0.icon_url,
        dje1_0.is_root,
        dje1_0.name,
        dje1_0.parent_id,
        dje1_0.tenant_id,
        dje1_0.updated_at 
    from
        department dje1_0 
    where
        dje1_0.id=?
2026-04-02T09:30:46.450-03:00 DEBUG 1313692 --- [all-citizens] [o-auto-1-exec-3] org.hibernate.SQL                        : 
    insert 
    into
        department
        (abbreviation, active, can_respond, created_at, display_order, email, icon_url, is_root, name, parent_id, tenant_id, updated_at, id) 
    values
        (?, ?, ?, ?, ?, ?, ?, ?, ?, ?, ?, ?, ?)
2026-04-02T09:30:46.457-03:00 DEBUG 1313692 --- [all-citizens] [o-auto-1-exec-3] org.hibernate.SQL                        : 
    select
        alje1_0.id,
        alje1_0.actor_roles,
        alje1_0.actor_subject,
        alje1_0.actor_username,
        alje1_0.client_ip,
        alje1_0.correlation_id,
        alje1_0.http_method,
        alje1_0.occurred_at,
        alje1_0.request_path,
        alje1_0.response_status 
    from
        audit_log alje1_0 
    where
        alje1_0.id=?
2026-04-02T09:30:46.462-03:00 DEBUG 1313692 --- [all-citizens] [o-auto-1-exec-3] org.hibernate.SQL                        : 
    insert 
    into
        audit_log
        (actor_roles, actor_subject, actor_username, client_ip, correlation_id, http_method, occurred_at, request_path, response_status, id) 
    values
        (?, ?, ?, ?, ?, ?, ?, ?, ?, ?)
2026-04-02T09:30:46.486-03:00 DEBUG 1313692 --- [all-citizens] [o-auto-1-exec-4] org.hibernate.SQL                        : 
    select
        sje1_0.id,
        sje1_0.active,
        sje1_0.name 
    from
        subdivision sje1_0 
    where
        sje1_0.id=?
2026-04-02T09:30:46.490-03:00 DEBUG 1313692 --- [all-citizens] [o-auto-1-exec-4] org.hibernate.SQL                        : 
    insert 
    into
        subdivision
        (active, name, id) 
    values
        (?, ?, ?)
2026-04-02T09:30:46.499-03:00 DEBUG 1313692 --- [all-citizens] [o-auto-1-exec-4] org.hibernate.SQL                        : 
    select
        alje1_0.id,
        alje1_0.actor_roles,
        alje1_0.actor_subject,
        alje1_0.actor_username,
        alje1_0.client_ip,
        alje1_0.correlation_id,
        alje1_0.http_method,
        alje1_0.occurred_at,
        alje1_0.request_path,
        alje1_0.response_status 
    from
        audit_log alje1_0 
    where
        alje1_0.id=?
2026-04-02T09:30:46.502-03:00 DEBUG 1313692 --- [all-citizens] [o-auto-1-exec-4] org.hibernate.SQL                        : 
    insert 
    into
        audit_log
        (actor_roles, actor_subject, actor_username, client_ip, correlation_id, http_method, occurred_at, request_path, response_status, id) 
    values
        (?, ?, ?, ?, ?, ?, ?, ?, ?, ?)
2026-04-02T09:30:46.533-03:00 DEBUG 1313692 --- [all-citizens] [o-auto-1-exec-5] org.hibernate.SQL                        : 
    select
        sje1_0.id,
        sje1_0.active,
        sje1_0.created_at,
        sje1_0.department_id,
        sje1_0.name,
        sje1_0.tenant_id,
        sje1_0.updated_at,
        sje1_0.visible_app,
        sje1_0.visible_web 
    from
        subject sje1_0 
    where
        sje1_0.id=?
2026-04-02T09:30:46.537-03:00 DEBUG 1313692 --- [all-citizens] [o-auto-1-exec-5] org.hibernate.SQL                        : 
    insert 
    into
        subject
        (active, created_at, department_id, name, tenant_id, updated_at, visible_app, visible_web, id) 
    values
        (?, ?, ?, ?, ?, ?, ?, ?, ?)
2026-04-02T09:30:46.549-03:00 DEBUG 1313692 --- [all-citizens] [o-auto-1-exec-5] org.hibernate.SQL                        : 
    select
        alje1_0.id,
        alje1_0.actor_roles,
        alje1_0.actor_subject,
        alje1_0.actor_username,
        alje1_0.client_ip,
        alje1_0.correlation_id,
        alje1_0.http_method,
        alje1_0.occurred_at,
        alje1_0.request_path,
        alje1_0.response_status 
    from
        audit_log alje1_0 
    where
        alje1_0.id=?
2026-04-02T09:30:46.552-03:00 DEBUG 1313692 --- [all-citizens] [o-auto-1-exec-5] org.hibernate.SQL                        : 
    insert 
    into
        audit_log
        (actor_roles, actor_subject, actor_username, client_ip, correlation_id, http_method, occurred_at, request_path, response_status, id) 
    values
        (?, ?, ?, ?, ?, ?, ?, ?, ?, ?)
2026-04-02T09:30:46.594-03:00 DEBUG 1313692 --- [all-citizens] [o-auto-1-exec-6] org.hibernate.SQL                        : 
    select
        csje1_0.id,
        csje1_0.active,
        csje1_0.allows_anonymous,
        csje1_0.allows_multi_forward,
        csje1_0.created_at,
        csje1_0.default_priority,
        csje1_0.department_id,
        csje1_0.description,
        csje1_0.display_name,
        csje1_0.dynamic_fields,
        csje1_0.sla_days,
        csje1_0.subdivision_id,
        csje1_0.subject_id,
        csje1_0.tenant_id,
        csje1_0.updated_at,
        csje1_0.visible_app,
        csje1_0.visible_web 
    from
        service csje1_0 
    where
        csje1_0.id=?
2026-04-02T09:30:46.602-03:00 DEBUG 1313692 --- [all-citizens] [o-auto-1-exec-6] org.hibernate.SQL                        : 
    insert 
    into
        service
        (active, allows_anonymous, allows_multi_forward, created_at, default_priority, department_id, description, display_name, dynamic_fields, sla_days, subdivision_id, subject_id, tenant_id, updated_at, visible_app, visible_web, id) 
    values
        (?, ?, ?, ?, ?, ?, ?, ?, ?, ?, ?, ?, ?, ?, ?, ?, ?)
2026-04-02T09:30:46.617-03:00 DEBUG 1313692 --- [all-citizens] [o-auto-1-exec-6] org.hibernate.SQL                        : 
    select
        alje1_0.id,
        alje1_0.actor_roles,
        alje1_0.actor_subject,
        alje1_0.actor_username,
        alje1_0.client_ip,
        alje1_0.correlation_id,
        alje1_0.http_method,
        alje1_0.occurred_at,
        alje1_0.request_path,
        alje1_0.response_status 
    from
        audit_log alje1_0 
    where
        alje1_0.id=?
2026-04-02T09:30:46.621-03:00 DEBUG 1313692 --- [all-citizens] [o-auto-1-exec-6] org.hibernate.SQL                        : 
    insert 
    into
        audit_log
        (actor_roles, actor_subject, actor_username, client_ip, correlation_id, http_method, occurred_at, request_path, response_status, id) 
    values
        (?, ?, ?, ?, ?, ?, ?, ?, ?, ?)
2026-04-02T09:30:46.666-03:00 DEBUG 1313692 --- [all-citizens] [o-auto-1-exec-7] org.hibernate.SQL                        : 
    select
        srje1_0.id,
        srje1_0.address_id,
        srje1_0.agent_user_id,
        srje1_0.anonymous,
        srje1_0.channel,
        srje1_0.closed_at,
        srje1_0.confidential,
        srje1_0.created_at,
        srje1_0.description,
        srje1_0.due_date,
        srje1_0.dynamic_fields,
        srje1_0.emotional_state,
        srje1_0.external_doc_number,
        srje1_0.external_doc_type,
        srje1_0.incident_id,
        srje1_0.internal_note,
        srje1_0.latitude,
        srje1_0.longitude,
        srje1_0.person_id,
        srje1_0.priority,
        srje1_0.protocol,
        srje1_0.request_type_id,
        srje1_0.response_method_id,
        srje1_0.service_id,
        srje1_0.status,
        srje1_0.tenant_id,
        srje1_0.updated_at 
    from
        service_request srje1_0 
    where
        srje1_0.id=?
2026-04-02T09:30:46.677-03:00 DEBUG 1313692 --- [all-citizens] [o-auto-1-exec-7] org.hibernate.SQL                        : 
    insert 
    into
        service_request
        (address_id, agent_user_id, anonymous, channel, closed_at, confidential, created_at, description, due_date, dynamic_fields, emotional_state, external_doc_number, external_doc_type, incident_id, internal_note, latitude, longitude, person_id, priority, protocol, request_type_id, response_method_id, service_id, status, tenant_id, updated_at, id) 
    values
        (?, ?, ?, ?, ?, ?, ?, ?, ?, ?, ?, ?, ?, ?, ?, ?, ?, ?, ?, ?, ?, ?, ?, ?, ?, ?, ?)
2026-04-02T09:30:46.697-03:00 DEBUG 1313692 --- [all-citizens] [o-auto-1-exec-7] org.hibernate.SQL                        : 
    select
        alje1_0.id,
        alje1_0.actor_roles,
        alje1_0.actor_subject,
        alje1_0.actor_username,
        alje1_0.client_ip,
        alje1_0.correlation_id,
        alje1_0.http_method,
        alje1_0.occurred_at,
        alje1_0.request_path,
        alje1_0.response_status 
    from
        audit_log alje1_0 
    where
        alje1_0.id=?
2026-04-02T09:30:46.700-03:00 DEBUG 1313692 --- [all-citizens] [o-auto-1-exec-7] org.hibernate.SQL                        : 
    insert 
    into
        audit_log
        (actor_roles, actor_subject, actor_username, client_ip, correlation_id, http_method, occurred_at, request_path, response_status, id) 
    values
        (?, ?, ?, ?, ?, ?, ?, ?, ?, ?)
2026-04-02T09:30:46.758-03:00 DEBUG 1313692 --- [all-citizens] [o-auto-1-exec-8] org.hibernate.SQL                        : 
    select
        srje1_0.id,
        srje1_0.address_id,
        srje1_0.agent_user_id,
        srje1_0.anonymous,
        srje1_0.channel,
        srje1_0.closed_at,
        srje1_0.confidential,
        srje1_0.created_at,
        srje1_0.description,
        srje1_0.due_date,
        srje1_0.dynamic_fields,
        srje1_0.emotional_state,
        srje1_0.external_doc_number,
        srje1_0.external_doc_type,
        srje1_0.incident_id,
        srje1_0.internal_note,
        srje1_0.latitude,
        srje1_0.longitude,
        srje1_0.person_id,
        srje1_0.priority,
        srje1_0.protocol,
        srje1_0.request_type_id,
        srje1_0.response_method_id,
        srje1_0.service_id,
        srje1_0.status,
        srje1_0.tenant_id,
        srje1_0.updated_at 
    from
        service_request srje1_0 
    where
        srje1_0.tenant_id=? 
        and (
            lower(srje1_0.protocol) like lower(('%'||?||'%')) escape '' 
            or lower(coalesce(srje1_0.description, '')) like lower(('%'||?||'%')) escape ''
        ) 
    fetch
        first ? rows only
2026-04-02T09:30:46.852-03:00 DEBUG 1313692 --- [all-citizens] [o-auto-1-exec-9] org.hibernate.SQL                        : 
    select
        frje1_0.id,
        frje1_0.name,
        frje1_0.type 
    from
        forwarding_reason frje1_0 
    where
        frje1_0.id=?
2026-04-02T09:30:46.856-03:00 DEBUG 1313692 --- [all-citizens] [o-auto-1-exec-9] org.hibernate.SQL                        : 
    insert 
    into
        forwarding_reason
        (name, type, id) 
    values
        (?, ?, ?)
2026-04-02T09:30:46.866-03:00 DEBUG 1313692 --- [all-citizens] [o-auto-1-exec-9] org.hibernate.SQL                        : 
    select
        alje1_0.id,
        alje1_0.actor_roles,
        alje1_0.actor_subject,
        alje1_0.actor_username,
        alje1_0.client_ip,
        alje1_0.correlation_id,
        alje1_0.http_method,
        alje1_0.occurred_at,
        alje1_0.request_path,
        alje1_0.response_status 
    from
        audit_log alje1_0 
    where
        alje1_0.id=?
2026-04-02T09:30:46.869-03:00 DEBUG 1313692 --- [all-citizens] [o-auto-1-exec-9] org.hibernate.SQL                        : 
    insert 
    into
        audit_log
        (actor_roles, actor_subject, actor_username, client_ip, correlation_id, http_method, occurred_at, request_path, response_status, id) 
    values
        (?, ?, ?, ?, ?, ?, ?, ?, ?, ?)
2026-04-02T09:30:46.907-03:00 DEBUG 1313692 --- [all-citizens] [-auto-1-exec-10] org.hibernate.SQL                        : 
    select
        srje1_0.id,
        srje1_0.address_id,
        srje1_0.agent_user_id,
        srje1_0.anonymous,
        srje1_0.channel,
        srje1_0.closed_at,
        srje1_0.confidential,
        srje1_0.created_at,
        srje1_0.description,
        srje1_0.due_date,
        srje1_0.dynamic_fields,
        srje1_0.emotional_state,
        srje1_0.external_doc_number,
        srje1_0.external_doc_type,
        srje1_0.incident_id,
        srje1_0.internal_note,
        srje1_0.latitude,
        srje1_0.longitude,
        srje1_0.person_id,
        srje1_0.priority,
        srje1_0.protocol,
        srje1_0.request_type_id,
        srje1_0.response_method_id,
        srje1_0.service_id,
        srje1_0.status,
        srje1_0.tenant_id,
        srje1_0.updated_at 
    from
        service_request srje1_0 
    where
        srje1_0.id=?
2026-04-02T09:30:46.926-03:00 DEBUG 1313692 --- [all-citizens] [-auto-1-exec-10] org.hibernate.SQL                        : 
    select
        count(*) 
    from
        department dje1_0 
    where
        dje1_0.id=?
2026-04-02T09:30:46.932-03:00 DEBUG 1313692 --- [all-citizens] [-auto-1-exec-10] org.hibernate.SQL                        : 
    select
        count(*) 
    from
        department dje1_0 
    where
        dje1_0.id=?
2026-04-02T09:30:46.940-03:00 DEBUG 1313692 --- [all-citizens] [-auto-1-exec-10] org.hibernate.SQL                        : 
    select
        fje1_0.id,
        fje1_0.answered_at,
        fje1_0.created_at,
        fje1_0.due_date,
        fje1_0.notes,
        fje1_0.read,
        fje1_0.read_at,
        fje1_0.reason_id,
        fje1_0.request_id,
        fje1_0.source_department_id,
        fje1_0.status,
        fje1_0.target_department_id,
        fje1_0.updated_at,
        fje1_0.user_id 
    from
        forwarding fje1_0 
    where
        fje1_0.id=?
2026-04-02T09:30:46.948-03:00 DEBUG 1313692 --- [all-citizens] [-auto-1-exec-10] org.hibernate.SQL                        : 
    insert 
    into
        forwarding
        (answered_at, created_at, due_date, notes, read, read_at, reason_id, request_id, source_department_id, status, target_department_id, updated_at, user_id, id) 
    values
        (?, ?, ?, ?, ?, ?, ?, ?, ?, ?, ?, ?, ?, ?)
2026-04-02T09:30:46.959-03:00 DEBUG 1313692 --- [all-citizens] [-auto-1-exec-10] org.hibernate.SQL                        : 
    update
        service_request 
    set
        address_id=?,
        agent_user_id=?,
        anonymous=?,
        channel=?,
        closed_at=?,
        confidential=?,
        created_at=?,
        description=?,
        due_date=?,
        dynamic_fields=?,
        emotional_state=?,
        external_doc_number=?,
        external_doc_type=?,
        incident_id=?,
        internal_note=?,
        latitude=?,
        longitude=?,
        person_id=?,
        priority=?,
        protocol=?,
        request_type_id=?,
        response_method_id=?,
        service_id=?,
        status=?,
        tenant_id=?,
        updated_at=? 
    where
        id=?
2026-04-02T09:30:46.980-03:00 DEBUG 1313692 --- [all-citizens] [-auto-1-exec-10] org.hibernate.SQL                        : 
    select
        alje1_0.id,
        alje1_0.actor_roles,
        alje1_0.actor_subject,
        alje1_0.actor_username,
        alje1_0.client_ip,
        alje1_0.correlation_id,
        alje1_0.http_method,
        alje1_0.occurred_at,
        alje1_0.request_path,
        alje1_0.response_status 
    from
        audit_log alje1_0 
    where
        alje1_0.id=?
2026-04-02T09:30:46.982-03:00 DEBUG 1313692 --- [all-citizens] [-auto-1-exec-10] org.hibernate.SQL                        : 
    insert 
    into
        audit_log
        (actor_roles, actor_subject, actor_username, client_ip, correlation_id, http_method, occurred_at, request_path, response_status, id) 
    values
        (?, ?, ?, ?, ?, ?, ?, ?, ?, ?)
2026-04-02T09:30:46.994-03:00 DEBUG 1313692 --- [all-citizens] [o-auto-1-exec-1] org.hibernate.SQL                        : 
    select
        srje1_0.id,
        srje1_0.address_id,
        srje1_0.agent_user_id,
        srje1_0.anonymous,
        srje1_0.channel,
        srje1_0.closed_at,
        srje1_0.confidential,
        srje1_0.created_at,
        srje1_0.description,
        srje1_0.due_date,
        srje1_0.dynamic_fields,
        srje1_0.emotional_state,
        srje1_0.external_doc_number,
        srje1_0.external_doc_type,
        srje1_0.incident_id,
        srje1_0.internal_note,
        srje1_0.latitude,
        srje1_0.longitude,
        srje1_0.person_id,
        srje1_0.priority,
        srje1_0.protocol,
        srje1_0.request_type_id,
        srje1_0.response_method_id,
        srje1_0.service_id,
        srje1_0.status,
        srje1_0.tenant_id,
        srje1_0.updated_at 
    from
        service_request srje1_0 
    where
        srje1_0.id=?
2026-04-02T09:30:47.003-03:00 DEBUG 1313692 --- [all-citizens] [o-auto-1-exec-1] org.hibernate.SQL                        : 
    select
        fje1_0.id,
        fje1_0.answered_at,
        fje1_0.created_at,
        fje1_0.due_date,
        fje1_0.notes,
        fje1_0.read,
        fje1_0.read_at,
        fje1_0.reason_id,
        fje1_0.request_id,
        fje1_0.source_department_id,
        fje1_0.status,
        fje1_0.target_department_id,
        fje1_0.updated_at,
        fje1_0.user_id 
    from
        forwarding fje1_0 
    where
        fje1_0.request_id=? 
    order by
        fje1_0.created_at desc
2026-04-02T09:30:47.041-03:00 DEBUG 1313692 --- [all-citizens] [o-auto-1-exec-2] org.hibernate.SQL                        : 
    select
        htje1_0.id,
        htje1_0.name 
    from
        history_type htje1_0 
    where
        htje1_0.id=?
2026-04-02T09:30:47.046-03:00 DEBUG 1313692 --- [all-citizens] [o-auto-1-exec-2] org.hibernate.SQL                        : 
    insert 
    into
        history_type
        (name, id) 
    values
        (?, ?)
2026-04-02T09:30:47.055-03:00 DEBUG 1313692 --- [all-citizens] [o-auto-1-exec-2] org.hibernate.SQL                        : 
    select
        alje1_0.id,
        alje1_0.actor_roles,
        alje1_0.actor_subject,
        alje1_0.actor_username,
        alje1_0.client_ip,
        alje1_0.correlation_id,
        alje1_0.http_method,
        alje1_0.occurred_at,
        alje1_0.request_path,
        alje1_0.response_status 
    from
        audit_log alje1_0 
    where
        alje1_0.id=?
2026-04-02T09:30:47.058-03:00 DEBUG 1313692 --- [all-citizens] [o-auto-1-exec-2] org.hibernate.SQL                        : 
    insert 
    into
        audit_log
        (actor_roles, actor_subject, actor_username, client_ip, correlation_id, http_method, occurred_at, request_path, response_status, id) 
    values
        (?, ?, ?, ?, ?, ?, ?, ?, ?, ?)
2026-04-02T09:30:47.086-03:00 DEBUG 1313692 --- [all-citizens] [o-auto-1-exec-3] org.hibernate.SQL                        : 
    select
        srje1_0.id,
        srje1_0.address_id,
        srje1_0.agent_user_id,
        srje1_0.anonymous,
        srje1_0.channel,
        srje1_0.closed_at,
        srje1_0.confidential,
        srje1_0.created_at,
        srje1_0.description,
        srje1_0.due_date,
        srje1_0.dynamic_fields,
        srje1_0.emotional_state,
        srje1_0.external_doc_number,
        srje1_0.external_doc_type,
        srje1_0.incident_id,
        srje1_0.internal_note,
        srje1_0.latitude,
        srje1_0.longitude,
        srje1_0.person_id,
        srje1_0.priority,
        srje1_0.protocol,
        srje1_0.request_type_id,
        srje1_0.response_method_id,
        srje1_0.service_id,
        srje1_0.status,
        srje1_0.tenant_id,
        srje1_0.updated_at 
    from
        service_request srje1_0 
    where
        srje1_0.id=?
2026-04-02T09:30:47.092-03:00 DEBUG 1313692 --- [all-citizens] [o-auto-1-exec-3] org.hibernate.SQL                        : 
    select
        htje1_0.id,
        htje1_0.name 
    from
        history_type htje1_0 
    where
        htje1_0.id=?
2026-04-02T09:30:47.098-03:00 DEBUG 1313692 --- [all-citizens] [o-auto-1-exec-3] org.hibernate.SQL                        : 
    select
        rhje1_0.id,
        rhje1_0.created_at,
        rhje1_0.description,
        rhje1_0.history_type_id,
        rhje1_0.new_data,
        rhje1_0.previous_data,
        rhje1_0.request_id,
        rhje1_0.user_id 
    from
        request_history rhje1_0 
    where
        rhje1_0.id=?
2026-04-02T09:30:47.103-03:00 DEBUG 1313692 --- [all-citizens] [o-auto-1-exec-3] org.hibernate.SQL                        : 
    insert 
    into
        request_history
        (created_at, description, history_type_id, new_data, previous_data, request_id, user_id, id) 
    values
        (?, ?, ?, ?, ?, ?, ?, ?)
2026-04-02T09:30:47.115-03:00 DEBUG 1313692 --- [all-citizens] [o-auto-1-exec-3] org.hibernate.SQL                        : 
    select
        alje1_0.id,
        alje1_0.actor_roles,
        alje1_0.actor_subject,
        alje1_0.actor_username,
        alje1_0.client_ip,
        alje1_0.correlation_id,
        alje1_0.http_method,
        alje1_0.occurred_at,
        alje1_0.request_path,
        alje1_0.response_status 
    from
        audit_log alje1_0 
    where
        alje1_0.id=?
2026-04-02T09:30:47.118-03:00 DEBUG 1313692 --- [all-citizens] [o-auto-1-exec-3] org.hibernate.SQL                        : 
    insert 
    into
        audit_log
        (actor_roles, actor_subject, actor_username, client_ip, correlation_id, http_method, occurred_at, request_path, response_status, id) 
    values
        (?, ?, ?, ?, ?, ?, ?, ?, ?, ?)
2026-04-02T09:30:47.132-03:00 DEBUG 1313692 --- [all-citizens] [o-auto-1-exec-4] org.hibernate.SQL                        : 
    select
        srje1_0.id,
        srje1_0.address_id,
        srje1_0.agent_user_id,
        srje1_0.anonymous,
        srje1_0.channel,
        srje1_0.closed_at,
        srje1_0.confidential,
        srje1_0.created_at,
        srje1_0.description,
        srje1_0.due_date,
        srje1_0.dynamic_fields,
        srje1_0.emotional_state,
        srje1_0.external_doc_number,
        srje1_0.external_doc_type,
        srje1_0.incident_id,
        srje1_0.internal_note,
        srje1_0.latitude,
        srje1_0.longitude,
        srje1_0.person_id,
        srje1_0.priority,
        srje1_0.protocol,
        srje1_0.request_type_id,
        srje1_0.response_method_id,
        srje1_0.service_id,
        srje1_0.status,
        srje1_0.tenant_id,
        srje1_0.updated_at 
    from
        service_request srje1_0 
    where
        srje1_0.id=?
2026-04-02T09:30:47.141-03:00 DEBUG 1313692 --- [all-citizens] [o-auto-1-exec-4] org.hibernate.SQL                        : 
    select
        rhje1_0.id,
        rhje1_0.created_at,
        rhje1_0.description,
        rhje1_0.history_type_id,
        rhje1_0.new_data,
        rhje1_0.previous_data,
        rhje1_0.request_id,
        rhje1_0.user_id 
    from
        request_history rhje1_0 
    where
        rhje1_0.request_id=? 
    order by
        rhje1_0.created_at desc
2026-04-02T09:30:47.219-03:00 DEBUG 1313692 --- [all-citizens] [o-auto-1-exec-5] org.hibernate.SQL                        : 
    select
        srje1_0.id,
        srje1_0.address_id,
        srje1_0.agent_user_id,
        srje1_0.anonymous,
        srje1_0.channel,
        srje1_0.closed_at,
        srje1_0.confidential,
        srje1_0.created_at,
        srje1_0.description,
        srje1_0.due_date,
        srje1_0.dynamic_fields,
        srje1_0.emotional_state,
        srje1_0.external_doc_number,
        srje1_0.external_doc_type,
        srje1_0.incident_id,
        srje1_0.internal_note,
        srje1_0.latitude,
        srje1_0.longitude,
        srje1_0.person_id,
        srje1_0.priority,
        srje1_0.protocol,
        srje1_0.request_type_id,
        srje1_0.response_method_id,
        srje1_0.service_id,
        srje1_0.status,
        srje1_0.tenant_id,
        srje1_0.updated_at 
    from
        service_request srje1_0 
    where
        srje1_0.id=?
2026-04-02T09:30:47.225-03:00 DEBUG 1313692 --- [all-citizens] [o-auto-1-exec-5] org.hibernate.SQL                        : 
    select
        aje1_0.id,
        aje1_0.content_type,
        aje1_0.created_at,
        aje1_0.file_name,
        aje1_0.request_id,
        aje1_0.size_bytes,
        aje1_0.storage_path,
        aje1_0.thumbnail_path,
        aje1_0.type,
        aje1_0.user_id 
    from
        attachment aje1_0 
    where
        aje1_0.id=?
2026-04-02T09:30:47.230-03:00 DEBUG 1313692 --- [all-citizens] [o-auto-1-exec-5] org.hibernate.SQL                        : 
    insert 
    into
        attachment
        (content_type, created_at, file_name, request_id, size_bytes, storage_path, thumbnail_path, type, user_id, id) 
    values
        (?, ?, ?, ?, ?, ?, ?, ?, ?, ?)
2026-04-02T09:30:47.239-03:00 DEBUG 1313692 --- [all-citizens] [o-auto-1-exec-5] org.hibernate.SQL                        : 
    select
        alje1_0.id,
        alje1_0.actor_roles,
        alje1_0.actor_subject,
        alje1_0.actor_username,
        alje1_0.client_ip,
        alje1_0.correlation_id,
        alje1_0.http_method,
        alje1_0.occurred_at,
        alje1_0.request_path,
        alje1_0.response_status 
    from
        audit_log alje1_0 
    where
        alje1_0.id=?
2026-04-02T09:30:47.242-03:00 DEBUG 1313692 --- [all-citizens] [o-auto-1-exec-5] org.hibernate.SQL                        : 
    insert 
    into
        audit_log
        (actor_roles, actor_subject, actor_username, client_ip, correlation_id, http_method, occurred_at, request_path, response_status, id) 
    values
        (?, ?, ?, ?, ?, ?, ?, ?, ?, ?)
2026-04-02T09:30:47.256-03:00 DEBUG 1313692 --- [all-citizens] [o-auto-1-exec-6] org.hibernate.SQL                        : 
    select
        srje1_0.id,
        srje1_0.address_id,
        srje1_0.agent_user_id,
        srje1_0.anonymous,
        srje1_0.channel,
        srje1_0.closed_at,
        srje1_0.confidential,
        srje1_0.created_at,
        srje1_0.description,
        srje1_0.due_date,
        srje1_0.dynamic_fields,
        srje1_0.emotional_state,
        srje1_0.external_doc_number,
        srje1_0.external_doc_type,
        srje1_0.incident_id,
        srje1_0.internal_note,
        srje1_0.latitude,
        srje1_0.longitude,
        srje1_0.person_id,
        srje1_0.priority,
        srje1_0.protocol,
        srje1_0.request_type_id,
        srje1_0.response_method_id,
        srje1_0.service_id,
        srje1_0.status,
        srje1_0.tenant_id,
        srje1_0.updated_at 
    from
        service_request srje1_0 
    where
        srje1_0.id=?
2026-04-02T09:30:47.263-03:00 DEBUG 1313692 --- [all-citizens] [o-auto-1-exec-6] org.hibernate.SQL                        : 
    select
        aje1_0.id,
        aje1_0.content_type,
        aje1_0.created_at,
        aje1_0.file_name,
        aje1_0.request_id,
        aje1_0.size_bytes,
        aje1_0.storage_path,
        aje1_0.thumbnail_path,
        aje1_0.type,
        aje1_0.user_id 
    from
        attachment aje1_0 
    where
        aje1_0.request_id=? 
    order by
        aje1_0.created_at desc
]]></system-out>
  </testcase>
  <testcase name="tenantList_supportsPaginationQuery" classname="com.allcitizens.infrastructure.integration.InfrastructureApiIntegrationTest" time="0.122">
    <system-out><![CDATA[2026-04-02T09:30:47.303-03:00 DEBUG 1313692 --- [all-citizens] [o-auto-1-exec-7] org.hibernate.SQL                        : 
    select
        tje1_0.id 
    from
        tenant tje1_0 
    where
        tje1_0.code=? 
    fetch
        first ? rows only
2026-04-02T09:30:47.306-03:00 DEBUG 1313692 --- [all-citizens] [o-auto-1-exec-7] org.hibernate.SQL                        : 
    select
        tje1_0.id,
        tje1_0.active,
        tje1_0.code,
        tje1_0.config,
        tje1_0.created_at,
        tje1_0.name,
        tje1_0.updated_at 
    from
        tenant tje1_0 
    where
        tje1_0.id=?
2026-04-02T09:30:47.308-03:00 DEBUG 1313692 --- [all-citizens] [o-auto-1-exec-7] org.hibernate.SQL                        : 
    insert 
    into
        tenant
        (active, code, config, created_at, name, updated_at, id) 
    values
        (?, ?, ?, ?, ?, ?, ?)
2026-04-02T09:30:47.314-03:00 DEBUG 1313692 --- [all-citizens] [o-auto-1-exec-7] org.hibernate.SQL                        : 
    select
        alje1_0.id,
        alje1_0.actor_roles,
        alje1_0.actor_subject,
        alje1_0.actor_username,
        alje1_0.client_ip,
        alje1_0.correlation_id,
        alje1_0.http_method,
        alje1_0.occurred_at,
        alje1_0.request_path,
        alje1_0.response_status 
    from
        audit_log alje1_0 
    where
        alje1_0.id=?
2026-04-02T09:30:47.317-03:00 DEBUG 1313692 --- [all-citizens] [o-auto-1-exec-7] org.hibernate.SQL                        : 
    insert 
    into
        audit_log
        (actor_roles, actor_subject, actor_username, client_ip, correlation_id, http_method, occurred_at, request_path, response_status, id) 
    values
        (?, ?, ?, ?, ?, ?, ?, ?, ?, ?)
2026-04-02T09:30:47.388-03:00 DEBUG 1313692 --- [all-citizens] [o-auto-1-exec-8] org.hibernate.SQL                        : 
    select
        tje1_0.id,
        tje1_0.active,
        tje1_0.code,
        tje1_0.config,
        tje1_0.created_at,
        tje1_0.name,
        tje1_0.updated_at 
    from
        tenant tje1_0 
    where
        lower(tje1_0.name) like lower(('%'||?||'%')) escape '' 
        or lower(tje1_0.code) like lower(('%'||?||'%')) escape '' 
    fetch
        first ? rows only
]]></system-out>
  </testcase>
</testsuite>